[01-Mar-2016 11:19:07 UTC] PHP Warning:  予期しないエラーが発生しました。WordPress.org かこのサーバーの設定に何か問題があるかもしれません。問題が続くようであれば、<a href="https://ja.forums.wordpress.org/">サポートフォーラム</a>を参照してみてください。 (WordPress は WordPress.org との安全な接続を確立できませんでした。サーバー管理者にご連絡ください) in /Users/yahsan2/Sites/public/starter/public/wp/wp-includes/update.php on line 303
[01-Mar-2016 11:19:14 UTC] PHP Warning:  予期しないエラーが発生しました。WordPress.org かこのサーバーの設定に何か問題があるかもしれません。問題が続くようであれば、<a href="https://ja.forums.wordpress.org/">サポートフォーラム</a>を参照してみてください。 (WordPress は WordPress.org との安全な接続を確立できませんでした。サーバー管理者にご連絡ください) in /Users/yahsan2/Sites/public/starter/public/wp/wp-includes/update.php on line 123
[01-Mar-2016 11:19:20 UTC] PHP Warning:  予期しないエラーが発生しました。WordPress.org かこのサーバーの設定に何か問題があるかもしれません。問題が続くようであれば、<a href="https://ja.forums.wordpress.org/">サポートフォーラム</a>を参照してみてください。 (WordPress は WordPress.org との安全な接続を確立できませんでした。サーバー管理者にご連絡ください) in /Users/yahsan2/Sites/public/starter/public/wp/wp-includes/update.php on line 467
[01-Mar-2016 11:19:26 UTC] PHP Warning:  予期しないエラーが発生しました。WordPress.org かこのサーバーの設定に何か問題があるかもしれません。問題が続くようであれば、<a href="https://ja.forums.wordpress.org/">サポートフォーラム</a>を参照してみてください。 (WordPress は WordPress.org との安全な接続を確立できませんでした。サーバー管理者にご連絡ください) in /Users/yahsan2/Sites/public/starter/public/wp/wp-includes/update.php on line 303
[01-Mar-2016 11:19:32 UTC] PHP Warning:  予期しないエラーが発生しました。WordPress.org かこのサーバーの設定に何か問題があるかもしれません。問題が続くようであれば、<a href="https://ja.forums.wordpress.org/">サポートフォーラム</a>を参照してみてください。 (WordPress は WordPress.org との安全な接続を確立できませんでした。サーバー管理者にご連絡ください) in /Users/yahsan2/Sites/public/starter/public/wp/wp-includes/update.php on line 303
[01-Mar-2016 11:19:38 UTC] PHP Warning:  予期しないエラーが発生しました。WordPress.org かこのサーバーの設定に何か問題があるかもしれません。問題が続くようであれば、<a href="https://ja.forums.wordpress.org/">サポートフォーラム</a>を参照してみてください。 (WordPress は WordPress.org との安全な接続を確立できませんでした。サーバー管理者にご連絡ください) in /Users/yahsan2/Sites/public/starter/public/wp/wp-includes/update.php on line 467
[01-Mar-2016 11:19:56 UTC] PHP Warning:  予期しないエラーが発生しました。WordPress.org かこのサーバーの設定に何か問題があるかもしれません。問題が続くようであれば、<a href="https://ja.forums.wordpress.org/">サポートフォーラム</a>を参照してみてください。 (WordPress は WordPress.org との安全な接続を確立できませんでした。サーバー管理者にご連絡ください) in /Users/yahsan2/Sites/public/starter/public/wp/wp-admin/includes/plugin-install.php on line 158
[01-Mar-2016 11:29:04 UTC] PHP Strict Standards:  Only variables should be passed by reference in phar:///usr/local/bin/wp/php/WP_CLI/CommandWithTranslation.php on line 181
[01-Mar-2016 11:29:04 UTC] PHP Strict Standards:  Only variables should be passed by reference in phar:///usr/local/bin/wp/php/WP_CLI/CommandWithTranslation.php on line 169
[01-Mar-2016 11:29:04 UTC] PHP Strict Standards:  Only variables should be passed by reference in phar:///usr/local/bin/wp/php/WP_CLI/CommandWithTranslation.php on line 181
[01-Mar-2016 11:29:39 UTC] PHP Strict Standards:  Only variables should be passed by reference in phar:///usr/local/bin/wp/php/WP_CLI/CommandWithTranslation.php on line 169
[01-Mar-2016 11:29:39 UTC] PHP Strict Standards:  Only variables should be passed by reference in phar:///usr/local/bin/wp/php/WP_CLI/CommandWithTranslation.php on line 181
[01-Mar-2016 11:29:48 UTC] PHP Strict Standards:  Only variables should be passed by reference in phar:///usr/local/bin/wp/php/WP_CLI/CommandWithTranslation.php on line 169
[01-Mar-2016 11:29:48 UTC] PHP Strict Standards:  Only variables should be passed by reference in phar:///usr/local/bin/wp/php/WP_CLI/CommandWithTranslation.php on line 181
[01-Mar-2016 11:30:00 UTC] PHP Warning:  予期しないエラーが発生しました。WordPress.org かこのサーバーの設定に何か問題があるかもしれません。問題が続くようであれば、<a href="https://ja.forums.wordpress.org/">サポートフォーラム</a>を参照してみてください。 (WordPress は WordPress.org との安全な接続を確立できませんでした。サーバー管理者にご連絡ください) in /Users/yahsan2/Sites/public/starter/public/wp/wp-admin/includes/translation-install.php on line 59
[01-Mar-2016 11:30:03 UTC] PHP Strict Standards:  Only variables should be passed by reference in phar:///usr/local/bin/wp/php/WP_CLI/CommandWithTranslation.php on line 169
[01-Mar-2016 11:30:03 UTC] PHP Strict Standards:  Only variables should be passed by reference in phar:///usr/local/bin/wp/php/WP_CLI/CommandWithTranslation.php on line 181
[01-Mar-2016 11:30:41 UTC] PHP Strict Standards:  Only variables should be passed by reference in phar:///usr/local/bin/wp/php/WP_CLI/CommandWithTranslation.php on line 169
[01-Mar-2016 11:30:41 UTC] PHP Strict Standards:  Only variables should be passed by reference in phar:///usr/local/bin/wp/php/WP_CLI/CommandWithTranslation.php on line 181
[03-Mar-2016 07:55:05 UTC] PHP Warning:  mysqli_real_connect(): (HY000/2002): No such file or directory in /Users/yahsan2/Sites/public/starter/public/wp/wp-includes/wp-db.php on line 1488
[03-Mar-2016 07:55:05 UTC] PHP Deprecated:  mysql_connect(): The mysql extension is deprecated and will be removed in the future: use mysqli or PDO instead in /Users/yahsan2/Sites/public/starter/public/wp/wp-includes/wp-db.php on line 1518
[03-Mar-2016 07:55:05 UTC] PHP Warning:  mysql_connect(): No such file or directory in /Users/yahsan2/Sites/public/starter/public/wp/wp-includes/wp-db.php on line 1518
[03-Mar-2016 07:55:06 UTC] PHP Warning:  mysqli_real_connect(): (HY000/2002): No such file or directory in /Users/yahsan2/Sites/public/starter/public/wp/wp-includes/wp-db.php on line 1488
[03-Mar-2016 07:55:06 UTC] PHP Deprecated:  mysql_connect(): The mysql extension is deprecated and will be removed in the future: use mysqli or PDO instead in /Users/yahsan2/Sites/public/starter/public/wp/wp-includes/wp-db.php on line 1518
[03-Mar-2016 07:55:06 UTC] PHP Warning:  mysql_connect(): No such file or directory in /Users/yahsan2/Sites/public/starter/public/wp/wp-includes/wp-db.php on line 1518
[03-Mar-2016 07:55:18 UTC] PHP Warning:  mysqli_real_connect(): (HY000/2002): No such file or directory in /Users/yahsan2/Sites/public/starter/public/wp/wp-includes/wp-db.php on line 1488
[03-Mar-2016 07:55:18 UTC] PHP Deprecated:  mysql_connect(): The mysql extension is deprecated and will be removed in the future: use mysqli or PDO instead in /Users/yahsan2/Sites/public/starter/public/wp/wp-includes/wp-db.php on line 1518
[03-Mar-2016 07:55:18 UTC] PHP Warning:  mysql_connect(): No such file or directory in /Users/yahsan2/Sites/public/starter/public/wp/wp-includes/wp-db.php on line 1518
[03-Mar-2016 07:55:35 UTC] PHP Warning:  mysqli_real_connect(): (HY000/2002): No such file or directory in /Users/yahsan2/Sites/public/starter/public/wp/wp-includes/wp-db.php on line 1488
[03-Mar-2016 07:55:35 UTC] PHP Deprecated:  mysql_connect(): The mysql extension is deprecated and will be removed in the future: use mysqli or PDO instead in /Users/yahsan2/Sites/public/starter/public/wp/wp-includes/wp-db.php on line 1518
[03-Mar-2016 07:55:35 UTC] PHP Warning:  mysql_connect(): No such file or directory in /Users/yahsan2/Sites/public/starter/public/wp/wp-includes/wp-db.php on line 1518
[03-Mar-2016 07:55:37 UTC] PHP Warning:  mysqli_real_connect(): (HY000/2002): No such file or directory in /Users/yahsan2/Sites/public/starter/public/wp/wp-includes/wp-db.php on line 1488
[03-Mar-2016 07:55:37 UTC] PHP Deprecated:  mysql_connect(): The mysql extension is deprecated and will be removed in the future: use mysqli or PDO instead in /Users/yahsan2/Sites/public/starter/public/wp/wp-includes/wp-db.php on line 1518
[03-Mar-2016 07:55:37 UTC] PHP Warning:  mysql_connect(): No such file or directory in /Users/yahsan2/Sites/public/starter/public/wp/wp-includes/wp-db.php on line 1518
[03-Mar-2016 07:55:37 UTC] PHP Warning:  mysqli_real_connect(): (HY000/2002): No such file or directory in /Users/yahsan2/Sites/public/starter/public/wp/wp-includes/wp-db.php on line 1488
[03-Mar-2016 07:55:37 UTC] PHP Deprecated:  mysql_connect(): The mysql extension is deprecated and will be removed in the future: use mysqli or PDO instead in /Users/yahsan2/Sites/public/starter/public/wp/wp-includes/wp-db.php on line 1518
[03-Mar-2016 07:55:37 UTC] PHP Warning:  mysql_connect(): No such file or directory in /Users/yahsan2/Sites/public/starter/public/wp/wp-includes/wp-db.php on line 1518
[03-Mar-2016 07:55:38 UTC] PHP Warning:  mysqli_real_connect(): (HY000/2002): No such file or directory in /Users/yahsan2/Sites/public/starter/public/wp/wp-includes/wp-db.php on line 1488
[03-Mar-2016 07:55:38 UTC] PHP Deprecated:  mysql_connect(): The mysql extension is deprecated and will be removed in the future: use mysqli or PDO instead in /Users/yahsan2/Sites/public/starter/public/wp/wp-includes/wp-db.php on line 1518
[03-Mar-2016 07:55:38 UTC] PHP Warning:  mysql_connect(): No such file or directory in /Users/yahsan2/Sites/public/starter/public/wp/wp-includes/wp-db.php on line 1518
[03-Mar-2016 07:55:45 UTC] PHP Warning:  mysqli_real_connect(): (HY000/2002): No such file or directory in /Users/yahsan2/Sites/public/starter/public/wp/wp-includes/wp-db.php on line 1488
[03-Mar-2016 07:55:45 UTC] PHP Deprecated:  mysql_connect(): The mysql extension is deprecated and will be removed in the future: use mysqli or PDO instead in /Users/yahsan2/Sites/public/starter/public/wp/wp-includes/wp-db.php on line 1518
[03-Mar-2016 07:55:45 UTC] PHP Warning:  mysql_connect(): No such file or directory in /Users/yahsan2/Sites/public/starter/public/wp/wp-includes/wp-db.php on line 1518
[03-Mar-2016 07:55:46 UTC] PHP Warning:  mysqli_real_connect(): (HY000/2002): No such file or directory in /Users/yahsan2/Sites/public/starter/public/wp/wp-includes/wp-db.php on line 1488
[03-Mar-2016 07:55:46 UTC] PHP Deprecated:  mysql_connect(): The mysql extension is deprecated and will be removed in the future: use mysqli or PDO instead in /Users/yahsan2/Sites/public/starter/public/wp/wp-includes/wp-db.php on line 1518
[03-Mar-2016 07:55:46 UTC] PHP Warning:  mysql_connect(): No such file or directory in /Users/yahsan2/Sites/public/starter/public/wp/wp-includes/wp-db.php on line 1518
[03-Mar-2016 07:56:02 UTC] PHP Warning:  mysqli_real_connect(): (HY000/2002): No such file or directory in /Users/yahsan2/Sites/public/starter/public/wp/wp-includes/wp-db.php on line 1488
[03-Mar-2016 07:56:02 UTC] PHP Deprecated:  mysql_connect(): The mysql extension is deprecated and will be removed in the future: use mysqli or PDO instead in /Users/yahsan2/Sites/public/starter/public/wp/wp-includes/wp-db.php on line 1518
[03-Mar-2016 07:56:02 UTC] PHP Warning:  mysql_connect(): No such file or directory in /Users/yahsan2/Sites/public/starter/public/wp/wp-includes/wp-db.php on line 1518
[03-Mar-2016 07:56:17 UTC] PHP Warning:  mysqli_real_connect(): (HY000/2002): No such file or directory in /Users/yahsan2/Sites/public/starter/public/wp/wp-includes/wp-db.php on line 1488
[03-Mar-2016 07:56:17 UTC] PHP Deprecated:  mysql_connect(): The mysql extension is deprecated and will be removed in the future: use mysqli or PDO instead in /Users/yahsan2/Sites/public/starter/public/wp/wp-includes/wp-db.php on line 1518
[03-Mar-2016 07:56:17 UTC] PHP Warning:  mysql_connect(): No such file or directory in /Users/yahsan2/Sites/public/starter/public/wp/wp-includes/wp-db.php on line 1518
